build/app/intermediates/manifest_merge_blame_file/release/manifest-merger-blame-release-report.txt
1<?xml version="1.0" encoding="utf-8"?>
2<manifest xmlns:android="http://schemas.android.com/apk/res/android"
3    package="com.company_name.implulsnew"
4    android:versionCode="1"
5    android:versionName="1.0.0" >
6
7    <uses-sdk
8        android:minSdkVersion="16"
8-->src/main/AndroidManifest.xml
9        android:targetSdkVersion="28" />
9-->src/main/AndroidManifest.xml
10    <!--
11     io.flutter.app.FlutterApplication is an android.app.Application that
12         calls FlutterMain.startInitialization(this); in its onCreate method.
13         In most cases you can leave this as-is, but you if you want to provide
14         additional functionality it is fine to subclass or reimplement
15         FlutterApplication and put your custom class here.
16    -->
17    <application
17-->src/main/AndroidManifest.xml:9:5-32:19
18        android:name="io.flutter.app.FlutterApplication"
18-->src/main/AndroidManifest.xml:10:9-57
19        android:appComponentFactory="android.support.v4.app.CoreComponentFactory"
19-->[com.android.support:support-compat:28.0.0] AndroidManifest.xml:22:18-91
20        android:icon="@mipmap/ic_launcher"
20-->src/main/AndroidManifest.xml:12:9-43
21        android:label="KleinKlein Wireframes" >
21-->src/main/AndroidManifest.xml:11:9-46
22        <activity
22-->src/main/AndroidManifest.xml:13:9-31:20
23            android:name="com.company_name.implulsnew.MainActivity"
23-->src/main/AndroidManifest.xml:14:13-41
24            android:configChanges="orientation|keyboardHidden|keyboard|screenSize|locale|layoutDirection|fontScale|screenLayout|density|uiMode"
24-->src/main/AndroidManifest.xml:17:13-144
25            android:hardwareAccelerated="true"
25-->src/main/AndroidManifest.xml:18:13-47
26            android:launchMode="singleTop"
26-->src/main/AndroidManifest.xml:15:13-43
27            android:theme="@style/LaunchTheme"
27-->src/main/AndroidManifest.xml:16:13-47
28            android:windowSoftInputMode="adjustResize" >
28-->src/main/AndroidManifest.xml:19:13-55
29
30            <!--
31                 This keeps the window background of the activity showing
32                 until Flutter renders its first frame. It can be removed if
33                 there is no splash screen (such as the default splash screen
34                 defined in @style/LaunchTheme).
35            -->
36            <meta-data
36-->src/main/AndroidManifest.xml:24:13-26:40
37                android:name="io.flutter.app.android.SplashScreenUntilFirstFrame"
37-->src/main/AndroidManifest.xml:25:17-82
38                android:value="true" />
38-->src/main/AndroidManifest.xml:26:17-37
39
40            <intent-filter>
40-->src/main/AndroidManifest.xml:27:13-30:29
41                <action android:name="android.intent.action.MAIN" />
41-->src/main/AndroidManifest.xml:28:17-68
41-->src/main/AndroidManifest.xml:28:25-66
42
43                <category android:name="android.intent.category.LAUNCHER" />
43-->src/main/AndroidManifest.xml:29:17-76
43-->src/main/AndroidManifest.xml:29:27-74
44            </intent-filter>
45        </activity>
46    </application>
47
48</manifest>